<?xml version="1.0" encoding="UTF-8"?>
<testsuite errors="0" failures="3" name="" skipped="0" tests="17" time="355.769067">
<testcase classname="" name="Navigating to the ingest page" time="0.162049">
  <system-out/>
  <system-err/>
</testcase>
<testcase classname="" name="Constructing a valid Digital Object" time="4.652007">
  <system-out/>
  <system-err/>
</testcase>
<testcase classname="" name="Constructing a Digital Object with metadata that incorrect or incomplete (outline example : | audio | metadata_no_rights.xml | invalid object |)" time="3.480154">
  <system-out/>
  <system-err/>
</testcase>
<testcase classname="" name="Constructing a Digital Object with metadata that incorrect or incomplete (outline example : | audio | invalid_schema_metadata.xml | invalid schema |)" time="4.182454">
  <system-out/>
  <system-err/>
</testcase>
<testcase classname="" name="Constructing a Digital Object with metadata that incorrect or incomplete (outline example : | audio | invalid_xml_metadata.xml | invalid metadata |)" time="3.353322">
  <system-out/>
  <system-err/>
</testcase>
<testcase classname="" name="Constructing a valid Digital Object (outline example : | pdfdoc | dublin_core_pdfdoc_sample.xml | Text |)" time="4.726147">
  <system-out/>
  <system-err/>
</testcase>
<testcase classname="" name="Constructing a valid Digital Object (outline example : | audio | SAMPLEA.xml | Sound |)" time="4.590732">
  <system-out/>
  <system-err/>
</testcase>
<testcase classname="" name="Adding a pdf asset to an object" time="125.263431">
  <failure message="failed Adding a pdf asset to an object" type="failed">
    <![CDATA[Scenario: Adding a pdf asset to an object

Given I am logged in as "user1" in the group "cm"
Given I have created a pdfdoc object
Then I should see a link to edit an object
When I follow the link to edit an object
And I attach the asset file "sample_pdf.pdf"
And I press the button to upload a file
Then I should see a success message for file upload

Message:
]]>
    <![CDATA[Timed out waiting for response to {"name":"click","args":[212,1]}. It's possible that this happened because something took a very long time (for example a page load was slow). If so, setting the Poltergeist :timeout option to a higher value will help (see the docs for details). If increasing the timeout does not help, this is probably a bug in Poltergeist - please report it to the issue tracker. (Capybara::Poltergeist::TimeoutError)
./features/step_definitions/web_steps.rb:190:in `/^(?:|I )press the button to (.+)$/'
features/web_construct_object.feature:72:in `And I press the button to upload a file']]>
  </failure>
  <system-out/>
  <system-err/>
</testcase>
<testcase classname="" name="Replacing the metadata file of a Digital Object" time="10.119476">
  <system-out/>
  <system-err/>
</testcase>
<testcase classname="" name="Constructing a Digital Object using the web form" time="6.258914">
  <system-out/>
  <system-err/>
</testcase>
<testcase classname="" name="Editing the metadata of a Digital Object using the web form" time="9.995948">
  <system-out/>
  <system-err/>
</testcase>
<testcase classname="" name="Adding and replacing the audio file for a Digital Object" time="48.098436">
  <system-out/>
  <system-err/>
</testcase>
<testcase classname="" name="Adding an audio file that is not valid (outline example : | sample_audio.txt | invalid file type |)" time="26.618093">
  <system-out/>
  <system-err/>
</testcase>
<testcase classname="" name="Adding an audio file that is not valid (outline example : | sample_invalid_audio.mp3 | invalid file type |)" time="12.614694">
  <failure message="failed Adding an audio file that is not valid (outline example : | sample_invalid_audio.mp3 | invalid file type |)" type="failed">
    <![CDATA[Scenario Outline: Adding an audio file that is not valid

Example row: | sample_invalid_audio.mp3 | invalid file type |

Message:
]]>
    <![CDATA[expected to find css ".alert" with text "Warning: The file does not appear to be a valid type" but there were no matches. Also found "File has been successfully uploaded. x", which matched the selector but not all filters. (Capybara::ExpectationNotMet)
./features/step_definitions/web_steps.rb:216:in `/^(?:|I )should see a (success|failure) message for (.+)$/'
features/web_construct_object.feature:137:in `Then I should see a failure message for "<case>"']]>
  </failure>
  <system-out/>
  <system-err/>
</testcase>
<testcase classname="" name="Adding a file that contains a virus" time="5.217714">
  <system-out/>
  <system-err/>
</testcase>
<testcase classname="" name="Editing an audio file where the file is invalid (outline example : | sample_audio.txt | invalid file type |)" time="52.489375">
  <system-out/>
  <system-err/>
</testcase>
<testcase classname="" name="Editing an audio file where the file is invalid (outline example : | sample_invalid_audio.mp3 | invalid file type |)" time="33.946121">
  <failure message="failed Editing an audio file where the file is invalid (outline example : | sample_invalid_audio.mp3 | invalid file type |)" type="failed">
    <![CDATA[Scenario Outline: Editing an audio file where the file is invalid

Example row: | sample_invalid_audio.mp3 | invalid file type |

Message:
]]>
    <![CDATA[expected to find css ".alert" with text "Warning: The file does not appear to be a valid type" but there were no matches. Also found "File has been successfully uploaded. x", which matched the selector but not all filters. (Capybara::ExpectationNotMet)
./features/step_definitions/web_steps.rb:216:in `/^(?:|I )should see a (success|failure) message for (.+)$/'
features/web_construct_object.feature:157:in `Then I should see a failure message for "<case>"']]>
  </failure>
  <system-out/>
  <system-err/>
</testcase>
  <system-out>
    <![CDATA[]]>
  </system-out>
  <system-err>
    <![CDATA[]]>
  </system-err>
</testsuite>
