<?xml version="1.0" encoding="UTF-8"?>
<testsuite errors="0" failures="4" name="" skipped="0" tests="16" time="3.212236">
<testcase classname="" name="Navigate to the Sign in page" time="0.076136">
  <system-out/>
  <system-err/>
</testcase>
<testcase classname="" name="Navigate to the Sign up page" time="0.094015">
  <system-out/>
  <system-err/>
</testcase>
<testcase classname="" name="Creating a new valid user account" time="0.068126">
  <failure message="failed Creating a new valid user account" type="failed">
    <![CDATA[Scenario: Creating a new valid user account

Given I am not logged in
Given the group "registered" exists
Given I am on the User Sign up page
When I submit a valid email, password and password confirmation
Then I should see a success message for new account
And I should be logged in

Message:
]]>
    <![CDATA[Unable to find button "Register" (Capybara::ElementNotFound)
./features/step_definitions/user_steps.rb:72:in `/^I submit a valid email, password and password confirmation$/'
features/users.feature:29:in `When I submit a valid email, password and password confirmation']]>
  </failure>
  <system-out/>
  <system-err/>
</testcase>
<testcase classname="" name="Creating an invalid user account with duplicate email" time="0.073881">
  <failure message="failed Creating an invalid user account with duplicate email" type="failed">
    <![CDATA[Scenario: Creating an invalid user account with duplicate email

Given an account for "user1" already exists
Given I am not logged in
Given I am on the User Sign up page
When I submit the User Sign up page with email "user1@user1.com" and password "password1"
Then I should see a failure message for "duplicate email"
And I should be logged out

Message:
]]>
    <![CDATA[Unable to find button "Register" (Capybara::ElementNotFound)
./features/step_definitions/user_steps.rb:81:in `/^I submit the User Sign up page with email "([^\"]*)" and password "([^\"]*)"$/'
features/users.feature:37:in `When I submit the User Sign up page with email "user1@user1.com" and password "password1"']]>
  </failure>
  <system-out/>
  <system-err/>
</testcase>
<testcase classname="" name="Creating an invalid user account with non-matching password confirmation" time="0.058747">
  <failure message="failed Creating an invalid user account with non-matching password confirmation" type="failed">
    <![CDATA[Scenario: Creating an invalid user account with non-matching password confirmation

Given I am not logged in
Given I am on the User Sign up page
When I submit a valid email address and non-matching password and password confirmation
Then I should see a failure message for "password mismatch"
And I should be logged out

Message:
]]>
    <![CDATA[Unable to find button "Register" (Capybara::ElementNotFound)
./features/step_definitions/user_steps.rb:91:in `/^I submit a valid email address and non\-matching password and password confirmation$/'
features/users.feature:44:in `When I submit a valid email address and non-matching password and password confirmation']]>
  </failure>
  <system-out/>
  <system-err/>
</testcase>
<testcase classname="" name="Creating an invalid user account with too short password" time="0.059138">
  <failure message="failed Creating an invalid user account with too short password" type="failed">
    <![CDATA[Scenario: Creating an invalid user account with too short password

Given I am not logged in
Given I am on the User Sign up page
When I submit a valid email address and too short password and password confirmation
Then I should see a failure message for "too short password"
And I should be logged out

Message:
]]>
    <![CDATA[Unable to find button "Register" (Capybara::ElementNotFound)
./features/step_definitions/user_steps.rb:100:in `/^I submit a valid email address and too short password and password confirmation$/'
features/users.feature:51:in `When I submit a valid email address and too short password and password confirmation']]>
  </failure>
  <system-out/>
  <system-err/>
</testcase>
<testcase classname="" name="User signs in with valid credentials" time="0.108548">
  <system-out/>
  <system-err/>
</testcase>
<testcase classname="" name="User signs in with invalid credentials" time="0.081631">
  <system-out/>
  <system-err/>
</testcase>
<testcase classname="" name="Logging out" time="0.375535">
  <system-out/>
  <system-err/>
</testcase>
<testcase classname="" name="A user should be able to edit their details" time="1.177751">
  <system-out/>
  <system-err/>
</testcase>
<testcase classname="" name="A user should be able to cancel their account" time="0.165532">
  <system-out/>
  <system-err/>
</testcase>
<testcase classname="" name="A user should be able to recover their password" time="0.000943">
  <system-out/>
  <system-err/>
</testcase>
<testcase classname="" name="A user should be able to provide a profile image url" time="0.276707">
  <system-out/>
  <system-err/>
</testcase>
<testcase classname="" name="A user should be able to use gravatar for a profile image" time="0.161892">
  <system-out/>
  <system-err/>
</testcase>
<testcase classname="" name="A user should be able to remove their profile image" time="0.162350">
  <system-out/>
  <system-err/>
</testcase>
<testcase classname="" name="A user provides an invalid profile image url" time="0.271304">
  <system-out/>
  <system-err/>
</testcase>
  <system-out>
    <![CDATA[]]>
  </system-out>
  <system-err>
    <![CDATA[]]>
  </system-err>
</testsuite>
